#! /usr/bin/vvp
:ivl_version "10.1 (stable)";
:ivl_delay_selection "TYPICAL";
:vpi_time_precision + 0;
:vpi_module "system";
:vpi_module "vhdl_sys";
:vpi_module "v2005_math";
:vpi_module "va_math";
S_0x7fffe8ac7c00 .scope module, "shft_mod" "shft_mod" 2 1;
 .timescale 0 0;
    .port_info 0 /INPUT 1 "clk"
    .port_info 1 /INPUT 1 "rstn"
    .port_info 2 /INPUT 1 "load"
    .port_info 3 /INPUT 1 "dir"
    .port_info 4 /INPUT 8 "LD"
    .port_info 5 /OUTPUT 1 "cout"
o0x7fd06e860018 .functor BUFZ 8, C4<zzzzzzzz>; HiZ drive
v0x7fffe8ac7e20_0 .net "LD", 7 0, o0x7fd06e860018;  0 drivers
v0x7fffe8ae7e40_0 .net *"_s1", 0 0, L_0x7fffe8ae8590;  1 drivers
v0x7fffe8ae7f20_0 .net *"_s3", 0 0, L_0x7fffe8ae8660;  1 drivers
o0x7fd06e8600a8 .functor BUFZ 1, C4<z>; HiZ drive
v0x7fffe8ae7fe0_0 .net "clk", 0 0, o0x7fd06e8600a8;  0 drivers
v0x7fffe8ae80a0_0 .net "cout", 0 0, L_0x7fffe8ae8730;  1 drivers
o0x7fd06e860108 .functor BUFZ 1, C4<z>; HiZ drive
v0x7fffe8ae81b0_0 .net "dir", 0 0, o0x7fd06e860108;  0 drivers
o0x7fd06e860138 .functor BUFZ 1, C4<z>; HiZ drive
v0x7fffe8ae8270_0 .net "load", 0 0, o0x7fd06e860138;  0 drivers
o0x7fd06e860168 .functor BUFZ 1, C4<z>; HiZ drive
v0x7fffe8ae8330_0 .net "rstn", 0 0, o0x7fd06e860168;  0 drivers
v0x7fffe8ae83f0_0 .var "shft_reg", 7 0;
E_0x7fffe8ac2540/0 .event negedge, v0x7fffe8ae8330_0;
E_0x7fffe8ac2540/1 .event posedge, v0x7fffe8ae7fe0_0;
E_0x7fffe8ac2540 .event/or E_0x7fffe8ac2540/0, E_0x7fffe8ac2540/1;
L_0x7fffe8ae8590 .part v0x7fffe8ae83f0_0, 0, 1;
L_0x7fffe8ae8660 .part v0x7fffe8ae83f0_0, 7, 1;
L_0x7fffe8ae8730 .functor MUXZ 1, L_0x7fffe8ae8660, L_0x7fffe8ae8590, o0x7fd06e860108, C4<>;
    .scope S_0x7fffe8ac7c00;
T_0 ;
    %wait E_0x7fffe8ac2540;
    %load/vec4 v0x7fffe8ae8330_0;
    %inv;
    %flag_set/vec4 8;
    %jmp/0xz  T_0.0, 8;
    %pushi/vec4 0, 0, 8;
    %assign/vec4 v0x7fffe8ae83f0_0, 0;
    %jmp T_0.1;
T_0.0 ;
    %load/vec4 v0x7fffe8ae8270_0;
    %flag_set/vec4 8;
    %jmp/0xz  T_0.2, 8;
    %load/vec4 v0x7fffe8ac7e20_0;
    %assign/vec4 v0x7fffe8ae83f0_0, 0;
    %jmp T_0.3;
T_0.2 ;
    %load/vec4 v0x7fffe8ae81b0_0;
    %flag_set/vec4 8;
    %jmp/0xz  T_0.4, 8;
    %pushi/vec4 0, 0, 1;
    %load/vec4 v0x7fffe8ae83f0_0;
    %parti/s 7, 1, 2;
    %concat/vec4; draw_concat_vec4
    %assign/vec4 v0x7fffe8ae83f0_0, 0;
    %jmp T_0.5;
T_0.4 ;
    %load/vec4 v0x7fffe8ae83f0_0;
    %parti/s 7, 0, 2;
    %concati/vec4 0, 0, 1;
    %assign/vec4 v0x7fffe8ae83f0_0, 0;
T_0.5 ;
T_0.3 ;
T_0.1 ;
    %jmp T_0;
    .thread T_0;
# The file index is used to find the file name in the following table.
:file_names 3;
    "N/A";
    "<interactive>";
    "src/shft_8b.v";
