#! /usr/bin/vvp
:ivl_version "10.1 (stable)";
:ivl_delay_selection "TYPICAL";
:vpi_time_precision + 0;
:vpi_module "system";
:vpi_module "vhdl_sys";
:vpi_module "v2005_math";
:vpi_module "va_math";
S_0x7fffef2afac0 .scope module, "edge_mod" "edge_mod" 2 1;
 .timescale 0 0;
    .port_info 0 /INPUT 1 "clk"
    .port_info 1 /INPUT 1 "rstn"
    .port_info 2 /INPUT 1 "cin"
    .port_info 3 /OUTPUT 1 "cout"
L_0x7fffef2d02b0 .functor NOT 1, v0x7fffef2cfee0_0, C4<0>, C4<0>, C4<0>;
L_0x7fffef2d0370 .functor AND 1, L_0x7fffef2d02b0, v0x7fffef2cfe10_0, C4<1>, C4<1>;
v0x7fffef2afcb0_0 .net *"_s0", 0 0, L_0x7fffef2d02b0;  1 drivers
o0x7f611b5e0048 .functor BUFZ 1, C4<z>; HiZ drive
v0x7fffef2cfd50_0 .net "cin", 0 0, o0x7f611b5e0048;  0 drivers
v0x7fffef2cfe10_0 .var "cin_f", 0 0;
v0x7fffef2cfee0_0 .var "cin_ff", 0 0;
o0x7f611b5e00d8 .functor BUFZ 1, C4<z>; HiZ drive
v0x7fffef2cffa0_0 .net "clk", 0 0, o0x7f611b5e00d8;  0 drivers
v0x7fffef2d00b0_0 .net "cout", 0 0, L_0x7fffef2d0370;  1 drivers
o0x7f611b5e0138 .functor BUFZ 1, C4<z>; HiZ drive
v0x7fffef2d0170_0 .net "rstn", 0 0, o0x7f611b5e0138;  0 drivers
E_0x7fffef2acc80/0 .event negedge, v0x7fffef2d0170_0;
E_0x7fffef2acc80/1 .event posedge, v0x7fffef2cffa0_0;
E_0x7fffef2acc80 .event/or E_0x7fffef2acc80/0, E_0x7fffef2acc80/1;
    .scope S_0x7fffef2afac0;
T_0 ;
    %wait E_0x7fffef2acc80;
    %load/vec4 v0x7fffef2d0170_0;
    %inv;
    %flag_set/vec4 8;
    %jmp/0xz  T_0.0, 8;
    %pushi/vec4 0, 0, 1;
    %assign/vec4 v0x7fffef2cfe10_0, 0;
    %pushi/vec4 0, 0, 1;
    %assign/vec4 v0x7fffef2cfee0_0, 0;
    %jmp T_0.1;
T_0.0 ;
    %load/vec4 v0x7fffef2cfd50_0;
    %assign/vec4 v0x7fffef2cfe10_0, 0;
    %load/vec4 v0x7fffef2cfe10_0;
    %assign/vec4 v0x7fffef2cfee0_0, 0;
T_0.1 ;
    %jmp T_0;
    .thread T_0;
# The file index is used to find the file name in the following table.
:file_names 3;
    "N/A";
    "<interactive>";
    "src/edge.v";
