#! /usr/bin/vvp
:ivl_version "0.9.7 " "(v0_9_7)";
:vpi_time_precision + 0;
:vpi_module "system";
:vpi_module "v2005_math";
:vpi_module "va_math";
S_0xc0d690 .scope module, "counter" "counter" 2 1;
 .timescale 0 0;
v0xc0ca90_0 .net "clk", 0 0, C4<z>; 0 drivers
v0xc4f6d0_0 .net "cnt", 3 0, v0xc4f770_0; 1 drivers
v0xc4f770_0 .var "cnt_i", 3 0;
v0xc4f810_0 .net "rstn", 0 0, C4<z>; 0 drivers
E_0xc0d620/0 .event negedge, v0xc4f810_0;
E_0xc0d620/1 .event posedge, v0xc0ca90_0;
E_0xc0d620 .event/or E_0xc0d620/0, E_0xc0d620/1;
    .scope S_0xc0d690;
T_0 ;
    %wait E_0xc0d620;
    %load/v 8, v0xc4f810_0, 1;
    %inv 8, 1;
    %jmp/0xz  T_0.0, 8;
    %ix/load 0, 4, 0;
    %assign/v0 v0xc4f770_0, 0, 0;
    %jmp T_0.1;
T_0.0 ;
    %ix/load 0, 1, 0;
    %load/vp0 8, v0xc4f770_0, 4;
    %ix/load 0, 4, 0;
    %assign/v0 v0xc4f770_0, 0, 8;
T_0.1 ;
    %jmp T_0;
    .thread T_0;
# The file index is used to find the file name in the following table.
:file_names 3;
    "N/A";
    "<interactive>";
    "counter.v";
